<?xml version="1.0" encoding="UTF-8"?>
<!-- Generated by org.testng.reporters.JUnitReportReporter -->
<testsuite hostname="LAPTOP-71APQ628" failures="0" tests="1" name="testingtestcases.ContactUs" time="27.015" errors="0" timestamp="2021-10-07T21:19:25 SAST" skipped="0">
  <testcase classname="testingtestcases.ContactUs" name="SubmitContactUs" time="27.015"/>
  <system-out/>
</testsuite> <!-- testingtestcases.ContactUs -->
