<?xml version="1.0" encoding="UTF-8"?>
<!-- Generated by org.testng.reporters.JUnitReportReporter -->
<testsuite hostname="LAPTOP-71APQ628" failures="0" tests="1" name="testingtestcases.SubmitUncheckedAgreement" time="27.315" errors="0" timestamp="2021-10-07T21:19:25 SAST" skipped="0">
  <testcase classname="testingtestcases.SubmitUncheckedAgreement" name="unCheckedAgreement" time="27.315"/>
  <system-out/>
</testsuite> <!-- testingtestcases.SubmitUncheckedAgreement -->
