<?xml version="1.0" encoding="UTF-8"?>
<!-- Generated by org.testng.reporters.JUnitReportReporter -->
<testsuite hostname="LAPTOP-71APQ628" failures="0" tests="1" name="testingtestcases.EmailValidation" time="28.993" errors="0" timestamp="2021-10-07T21:19:25 SAST" skipped="0">
  <testcase classname="testingtestcases.EmailValidation" name="EmailValidate" time="28.993"/>
  <system-out/>
</testsuite> <!-- testingtestcases.EmailValidation -->
