<?xml version="1.0" encoding="UTF-8"?>
<!-- Generated by org.testng.reporters.JUnitReportReporter -->
<testsuite hostname="LAPTOP-71APQ628" failures="0" tests="2" name="project.Project_Demo.Demo" time="24.924" errors="0" timestamp="2021-10-07T12:38:49 SAST" skipped="0">
  <testcase classname="project.Project_Demo.Demo" name="openbrowser" time="5.954"/>
  <system-out/>
  <testcase classname="project.Project_Demo.Demo" name="Login" time="18.970"/>
  <system-out/>
</testsuite> <!-- project.Project_Demo.Demo -->
