<?xml version="1.0" encoding="UTF-8"?>
<!-- Generated by org.testng.reporters.JUnitReportReporter -->
<testsuite hostname="LAPTOP-71APQ628" failures="0" tests="1" name="testingtestcases.PhoneNumberValidation" time="30.862" errors="0" timestamp="2021-10-07T21:19:25 SAST" skipped="0">
  <testcase classname="testingtestcases.PhoneNumberValidation" name="InvalidphoneNumber" time="30.862"/>
  <system-out/>
</testsuite> <!-- testingtestcases.PhoneNumberValidation -->
